<?xml version="1.0" encoding="UTF-8"?>
<!-- Generated by org.testng.reporters.JUnitReportReporter -->
<testsuite skipped="0" hostname="Nguyen" name="Test.testGiaoDien" tests="6" failures="0" timestamp="20 Nov 2017 15:23:38 GMT" time="26.598" errors="0">
  <testcase name="testNutGioHang" time="4.861" classname="Test.testGiaoDien"/>
  <testcase name="moTrangChu" time="4.858" classname="Test.testGiaoDien"/>
  <testcase name="moTrangDangKy" time="4.299" classname="Test.testGiaoDien"/>
  <testcase name="moTrangDangNhap" time="4.024" classname="Test.testGiaoDien"/>
  <testcase name="userLogin" time="4.253" classname="Test.testGiaoDien"/>
  <testcase name="testNutSearch" time="4.303" classname="Test.testGiaoDien"/>
</testsuite> <!-- Test.testGiaoDien -->
