<?xml version="1.0" encoding="UTF-8"?>
<!-- Generated by org.testng.reporters.JUnitReportReporter -->
<testsuite skipped="0" hostname="Nguyen" name="Test.testGiaoDien" tests="2" failures="0" timestamp="25 Oct 2017 06:09:29 GMT" time="7.579" errors="0">
  <testcase name="moTrangChu" time="4.101" classname="Test.testGiaoDien"/>
  <testcase name="moTrangDangNhap" time="3.478" classname="Test.testGiaoDien"/>
</testsuite> <!-- Test.testGiaoDien -->
